[0m02:16:56.965605 [debug] [MainThread]: Sending event: {'category': 'dbt', 'action': 'invocation', 'label': 'start', 'context': [<snowplow_tracker.self_describing_json.SelfDescribingJson object at 0x7f0413697e60>, <snowplow_tracker.self_describing_json.SelfDescribingJson object at 0x7f04123679b0>, <snowplow_tracker.self_describing_json.SelfDescribingJson object at 0x7f041220b320>]}


============================== 02:16:56.968673 | 271a999f-e49b-4d04-8bcc-2b4bc4c3ff0e ==============================
[0m02:16:56.968673 [info ] [MainThread]: Running with dbt=1.9.3
[0m02:16:56.969147 [debug] [MainThread]: running dbt with arguments {'printer_width': '80', 'indirect_selection': 'eager', 'write_json': 'True', 'log_cache_events': 'False', 'partial_parse': 'True', 'cache_selected_only': 'False', 'warn_error': 'None', 'fail_fast': 'False', 'debug': 'False', 'log_path': 'logs', 'version_check': 'True', 'profiles_dir': '/home/timosii/.dbt', 'use_colors': 'True', 'use_experimental_parser': 'False', 'empty': 'None', 'quiet': 'False', 'no_print': 'None', 'log_format': 'default', 'introspect': 'True', 'invocation_command': 'dbt init', 'warn_error_options': 'WarnErrorOptions(include=[], exclude=[])', 'target_path': 'None', 'static_parser': 'True', 'send_anonymous_usage_stats': 'True'}
[0m02:17:08.369042 [debug] [MainThread]: Starter project path: /home/timosii/.local/lib/python3.12/site-packages/dbt/include/starter_project
[0m02:17:08.372430 [info ] [MainThread]: 
Your new dbt project "breast_cancer" was created!

For more information on how to configure the profiles.yml file,
please consult the dbt documentation here:

  https://docs.getdbt.com/docs/configure-your-profile

One more thing:

Need help? Don't hesitate to reach out to us via GitHub issues or on Slack:

  https://community.getdbt.com/

Happy modeling!

[0m02:17:08.372891 [info ] [MainThread]: Setting up your profile.
[0m02:18:04.006816 [info ] [MainThread]: Profile breast_cancer written to /home/timosii/.dbt/profiles.yml using target's profile_template.yml and your supplied values. Run 'dbt debug' to validate the connection.
[0m02:18:04.012242 [debug] [MainThread]: Resource report: {"command_name": "init", "command_success": true, "command_wall_clock_time": 67.09182, "process_in_blocks": "5240", "process_kernel_time": 0.108459, "process_mem_max_rss": "95460", "process_out_blocks": "88", "process_user_time": 1.143751}
[0m02:18:04.012981 [debug] [MainThread]: Command `dbt init` succeeded at 02:18:04.012850 after 67.09 seconds
[0m02:18:04.013459 [debug] [MainThread]: Sending event: {'category': 'dbt', 'action': 'invocation', 'label': 'end', 'context': [<snowplow_tracker.self_describing_json.SelfDescribingJson object at 0x7f0415806fc0>, <snowplow_tracker.self_describing_json.SelfDescribingJson object at 0x7f0413ddee40>, <snowplow_tracker.self_describing_json.SelfDescribingJson object at 0x7f04123679b0>]}
[0m02:18:04.013957 [debug] [MainThread]: Flushing usage events
[0m02:18:04.578471 [debug] [MainThread]: An error was encountered while trying to flush usage events
